<?xml version="1.0" encoding="UTF-8"?>
<testng-results skipped="0" failed="0" ignored="0" total="1" passed="1">
  <reporter-output>
  </reporter-output>
  <suite name="Default suite" duration-ms="90362" started-at="2023-06-04T19:12:00 IST" finished-at="2023-06-04T19:13:30 IST">
    <groups>
    </groups>
    <test name="Default test" duration-ms="90362" started-at="2023-06-04T19:12:00 IST" finished-at="2023-06-04T19:13:30 IST">
      <class name="lambdatest.practice.TestScenario2_Edge">
        <test-method status="PASS" signature="testsetUp()[pri:0, instance:lambdatest.practice.TestScenario2_Edge@553a3d88]" name="testsetUp" is-config="true" duration-ms="62453" started-at="2023-06-04T19:12:00 IST" finished-at="2023-06-04T19:13:02 IST">
          <reporter-output>
          </reporter-output>
        </test-method> <!-- testsetUp -->
        <test-method status="PASS" signature="myTest()[pri:0, instance:lambdatest.practice.TestScenario2_Edge@553a3d88]" name="myTest" duration-ms="27343" started-at="2023-06-04T19:13:02 IST" finished-at="2023-06-04T19:13:30 IST">
          <reporter-output>
          </reporter-output>
        </test-method> <!-- myTest -->
        <test-method status="PASS" signature="endTest()[pri:0, instance:lambdatest.practice.TestScenario2_Edge@553a3d88]" name="endTest" is-config="true" duration-ms="548" started-at="2023-06-04T19:13:30 IST" finished-at="2023-06-04T19:13:30 IST">
          <reporter-output>
          </reporter-output>
        </test-method> <!-- endTest -->
      </class> <!-- lambdatest.practice.TestScenario2_Edge -->
    </test> <!-- Default test -->
  </suite> <!-- Default suite -->
</testng-results>
